<?xml version="1.0" encoding="UTF-8"?>
<!-- Generated by org.testng.reporters.JUnitReportReporter -->
<testsuite hostname="HCULAP0217" failures="0" tests="1" name="Knila_Solution.Project.testRunner" time="76.305" errors="0" timestamp="2024-10-31T20:21:29 IST" skipped="0">
  <testcase classname="Knila_Solution.Project.testRunner" name="Verify_EndVisit" time="76.305"/>
  <system-out/>
</testsuite> <!-- Knila_Solution.Project.testRunner -->
